nohup: ignoring input
Starting CSV watcher...
Disk history fixed.
Expenses fixed.
CSV watcher finished.
Starting CSV watcher...
Disk history fixed.
Expenses fixed.
CSV watcher finished.
Starting CSV watcher...
Disk history fixed.
Expenses fixed.
CSV watcher finished.
Starting CSV watcher...
Disk history fixed.
Expenses fixed.
CSV watcher finished.
Starting CSV watcher...
Disk history fixed.
Expenses fixed.
CSV watcher finished.
Starting CSV watcher...
Disk history fixed.
Expenses fixed.
CSV watcher finished.
Starting CSV watcher...
Disk history fixed.
Expenses fixed.
CSV watcher finished.
Starting CSV watcher...
Disk history fixed.
Expenses fixed.
CSV watcher finished.
Starting CSV watcher...
Disk history fixed.
Expenses fixed.
CSV watcher finished.
Starting CSV watcher...
Disk history fixed.
Expenses fixed.
CSV watcher finished.
Starting CSV watcher...
Disk history fixed.
Expenses fixed.
CSV watcher finished.
Starting CSV watcher...
Disk history fixed.
Expenses fixed.
CSV watcher finished.
Starting CSV watcher...
Disk history fixed.
Expenses fixed.
CSV watcher finished.
Starting CSV watcher...
Disk history fixed.
Expenses fixed.
CSV watcher finished.
Starting CSV watcher...
Disk history fixed.
Expenses fixed.
CSV watcher finished.
Starting CSV watcher...
Disk history fixed.
Expenses fixed.
CSV watcher finished.
Starting CSV watcher...
Disk history fixed.
Expenses fixed.
CSV watcher finished.
Starting CSV watcher...
Disk history fixed.
Expenses fixed.
CSV watcher finished.
Starting CSV watcher...
Disk history fixed.
Expenses fixed.
CSV watcher finished.
Starting CSV watcher...
Disk history fixed.
Expenses fixed.
CSV watcher finished.
Starting CSV watcher...
Disk history fixed.
Expenses fixed.
CSV watcher finished.
Starting CSV watcher...
Disk history fixed.
Expenses fixed.
CSV watcher finished.
Starting CSV watcher...
Disk history fixed.
Expenses fixed.
CSV watcher finished.
Starting CSV watcher...
Disk history fixed.
Expenses fixed.
CSV watcher finished.
Starting CSV watcher...
Disk history fixed.
Expenses fixed.
CSV watcher finished.
Starting CSV watcher...
Disk history fixed.
Expenses fixed.
CSV watcher finished.
